\BOOKMARK [0][-]{chapter.0}{\376\377\004\022\004\062\004\065\004\064\004\065\004\075\004\070\004\065}{}% 1
\BOOKMARK [1][-]{section.0.1}{\376\377\004\030\004\101\004\102\004\076\004\100\004\070\004\117}{chapter.0}% 2
\BOOKMARK [1][-]{section.0.2}{\376\377\004\020\004\103\004\064\004\070\004\102\004\076\004\100\004\070\004\117}{chapter.0}% 3
\BOOKMARK [1][-]{section.0.3}{\376\377\004\022\004\065\004\100\004\101\004\070\004\070}{chapter.0}% 4
\BOOKMARK [1][-]{section.0.4}{\376\377\004\037\004\076\004\066\004\065\004\100\004\102\004\062\004\076\004\062\004\060\004\075\004\070\004\117}{chapter.0}% 5
\BOOKMARK [0][-]{chapter.1}{\376\377\004\047\004\070\004\101\004\073\004\060}{}% 6
\BOOKMARK [1][-]{section.1.1}{\376\377\004\034\004\070\004\075\004\070\004\074\004\103\004\074\000\040\004\064\004\062\004\103\004\105\000\040\004\107\004\070\004\101\004\065\004\073}{chapter.1}% 7
\BOOKMARK [2][-]{subsection.1.1.1}{\376\377\004\046\004\065\004\073\004\113\004\065\000\040\004\107\004\070\004\101\004\073\004\060}{section.1.1}% 8
\BOOKMARK [2][-]{subsection.1.1.2}{\376\377\004\036\004\061\004\076\004\061\004\111\004\065\004\075\004\070\004\065}{section.1.1}% 9
\BOOKMARK [2][-]{subsection.1.1.3}{\376\377\004\041\004\062\004\065\004\064\004\065\004\075\004\070\004\065\000\040\004\067\004\060\004\064\004\060\004\107\004\070\000\040\004\072\000\040\004\103\004\066\004\065\000\040\004\100\004\065\004\110\004\121\004\075\004\075\004\076\004\071}{section.1.1}% 10
\BOOKMARK [2][-]{subsection.1.1.4}{\376\377\004\041\004\100\004\060\004\062\004\075\004\065\004\075\004\070\004\065\000\040\004\107\004\070\004\101\004\065\004\073\000\040\004\101\000\040\004\077\004\073\004\060\004\062\004\060\004\116\004\111\004\065\004\071\000\040\004\067\004\060\004\077\004\117\004\102\004\076\004\071}{section.1.1}% 11
\BOOKMARK [2][-]{subsection.1.1.5}{\376\377\004\043\004\077\004\100\004\060\004\066\004\075\004\065\004\075\004\070\004\117}{section.1.1}% 12
\BOOKMARK [1][-]{section.1.2}{\376\377\004\020\004\073\004\063\004\076\004\100\004\070\004\102\004\074\000\040\004\025\004\062\004\072\004\073\004\070\004\064\004\060}{chapter.1}% 13
\BOOKMARK [2][-]{subsection.1.2.1}{\376\377\004\037\004\076\004\073\004\076\004\066\004\070\004\102\004\065\004\073\004\114\004\075\004\113\004\065\000\040\004\107\004\070\004\101\004\073\004\060}{section.1.2}% 14
\BOOKMARK [2][-]{subsection.1.2.2}{\376\377\004\043\004\077\004\100\004\060\004\066\004\075\004\065\004\075\004\070\004\117}{section.1.2}% 15
\BOOKMARK [1][-]{section.1.3}{\376\377\004\032\004\062\004\060\004\064\004\100\004\060\004\102\004\075\004\113\004\071\000\040\004\072\004\076\004\100\004\065\004\075\004\114}{chapter.1}% 16
\BOOKMARK [2][-]{subsection.1.3.1}{\376\377\004\035\004\060\004\107\004\075\004\121\004\074\000\040\004\101\000\040\004\077\004\100\004\060\004\072\004\102\004\070\004\072\004\070}{section.1.3}% 17
\BOOKMARK [2][-]{subsection.1.3.2}{\376\377\004\037\004\100\004\076\004\065\004\072\004\102\004\070\004\100\004\076\004\062\004\060\004\075\004\070\004\065\000\040\004\104\004\103\004\075\004\072\004\106\004\070\004\070}{section.1.3}% 18
\BOOKMARK [2][-]{subsection.1.3.3}{\376\377\004\022\004\060\004\062\004\070\004\073\004\076\004\075\004\101\004\072\004\070\004\071\000\040\004\074\004\065\004\102\004\076\004\064}{section.1.3}% 19
\BOOKMARK [2][-]{subsection.1.3.4}{\376\377\004\037\004\076\004\063\004\100\004\065\004\110\004\075\004\076\004\101\004\102\004\114\000\040\004\060\004\061\004\101\004\076\004\073\004\116\004\102\004\075\004\060\004\117\000\040\004\070\000\040\004\076\004\102\004\075\004\076\004\101\004\070\004\102\004\065\004\073\004\114\004\075\004\060\004\117}{section.1.3}% 20
\BOOKMARK [2][-]{subsection.1.3.5}{\376\377\004\034\004\070\004\075\004\070\004\074\004\060\004\073\004\114\004\075\004\060\004\117\000\040\004\077\004\076\004\063\004\100\004\065\004\110\004\075\004\076\004\101\004\102\004\114}{section.1.3}% 21
\BOOKMARK [2][-]{subsection.1.3.6}{\376\377\004\043\004\077\004\100\004\060\004\066\004\075\004\065\004\075\004\070\004\117}{section.1.3}% 22
\BOOKMARK [1][-]{section.1.4}{\376\377\004\041\004\070\004\075\004\103\004\101}{chapter.1}% 23
\BOOKMARK [2][-]{subsection.1.4.1}{\376\377\004\037\004\100\004\076\004\065\004\072\004\102\004\070\004\100\004\103\004\065\004\074\000\040\004\100\004\065\004\060\004\073\004\070\004\067\004\060\004\106\004\070\004\116}{section.1.4}% 24
\BOOKMARK [2][-]{subsection.1.4.2}{\376\377\004\022\004\113\004\107\004\070\004\101\004\073\004\065\004\075\004\070\004\117\000\040\004\062\000\040\004\106\004\070\004\072\004\073\004\065}{section.1.4}% 25
\BOOKMARK [2][-]{subsection.1.4.3}{\376\377\004\043\004\077\004\100\004\060\004\066\004\075\004\065\004\075\004\070\004\117}{section.1.4}% 26
\BOOKMARK [0][-]{chapter.2}{\376\377\004\041\004\070\004\074\004\062\004\076\004\073\004\113\000\040\000A\000S\000C\000I\000I}{}% 27
\BOOKMARK [1][-]{section.2.1}{\376\377\004\021\004\103\004\072\004\062\004\113\000,\000\040\004\106\004\070\004\104\004\100\004\113}{chapter.2}% 28
\BOOKMARK [2][-]{subsection.2.1.1}{\376\377\000A\000S\000C\000I\000I\000\040\004\070\000\040\000U\000n\000i\000c\000o\000d\000e}{section.2.1}% 29
\BOOKMARK [2][-]{subsection.2.1.2}{\376\377\004\034\004\065\004\075\004\117\004\065\004\074\000\040\004\100\004\065\004\063\004\070\004\101\004\102\004\100}{section.2.1}% 30
\BOOKMARK [2][-]{subsection.2.1.3}{\376\377\004\043\004\077\004\100\004\060\004\066\004\075\004\065\004\075\004\070\004\117}{section.2.1}% 31
\BOOKMARK [2][-]{subsection.2.1.4}{\376\377\004\037\004\065\004\100\004\065\004\062\004\076\004\064\004\070\004\074\000\040\004\101\004\102\004\100\004\076\004\072\004\103\000\040\004\062\000\040\004\107\004\070\004\101\004\073\004\076}{section.2.1}% 32
\BOOKMARK [2][-]{subsection.2.1.5}{\376\377\004\030\004\064\004\065\004\117\000\040\004\060\004\073\004\063\004\076\004\100\004\070\004\102\004\074\004\060}{section.2.1}% 33
\BOOKMARK [2][-]{subsection.2.1.6}{\376\377\004\037\004\065\004\100\004\065\004\077\004\076\004\073\004\075\004\065\004\075\004\070\004\065}{section.2.1}% 34
\BOOKMARK [1][-]{section.2.2}{\376\377\004\050\004\070\004\104\004\100\000\040\004\046\004\065\004\067\004\060\004\100\004\117}{chapter.2}% 35
\BOOKMARK [2][-]{subsection.2.2.1}{\376\377\004\037\004\100\004\076\004\065\004\072\004\102\004\070\004\100\004\076\004\062\004\060\004\075\004\070\004\065\000\040\004\060\004\073\004\063\004\076\004\100\004\070\004\102\004\074\004\060}{section.2.2}% 36
\BOOKMARK [2][-]{subsection.2.2.2}{\376\377\004\040\004\060\004\061\004\076\004\102\004\060\004\065\004\074\000\040\004\075\004\060\004\064\000\040\004\101\004\102\004\070\004\073\004\065\004\074}{section.2.2}% 37
\BOOKMARK [2][-]{subsection.2.2.3}{\376\377\004\040\004\060\004\061\004\076\004\102\004\060\004\065\004\074\000\040\004\075\004\060\004\064\000\040\004\076\004\110\004\070\004\061\004\072\004\060\004\074\004\070}{section.2.2}% 38
